TN:
SF:/home/liliana/Documentos/platzi/curso_node_avanzado/platziverse/platziverse-db/index.js
FN:7,(anonymous_0)
FNF:1
FNH:1
FNDA:2,(anonymous_0)
DA:2,2
DA:3,2
DA:4,2
DA:5,2
DA:7,2
DA:8,2
DA:20,2
DA:21,2
DA:22,2
DA:26,2
DA:27,2
DA:31,2
DA:33,2
DA:35,0
DA:38,2
DA:39,2
DA:41,2
LF:17
LH:16
BRDA:33,0,0,0
BRDA:33,0,1,2
BRF:2
BRH:1
end_of_record
TN:
SF:/home/liliana/Documentos/platzi/curso_node_avanzado/platziverse/platziverse-db/lib/db.js
FN:9,setupDatabase
FNF:1
FNH:1
FNDA:2,setupDatabase
DA:6,1
DA:7,1
DA:9,1
DA:10,2
DA:11,1
DA:13,2
LF:6
LH:6
BRDA:10,0,0,1
BRDA:10,0,1,1
BRF:2
BRH:2
end_of_record
TN:
SF:/home/liliana/Documentos/platzi/curso_node_avanzado/platziverse/platziverse-db/models/agent.js
FN:6,setupAgentModel
FNF:1
FNH:0
FNDA:0,setupAgentModel
DA:3,1
DA:4,1
DA:6,1
DA:7,0
DA:12,0
LF:5
LH:3
BRF:0
BRH:0
end_of_record
TN:
SF:/home/liliana/Documentos/platzi/curso_node_avanzado/platziverse/platziverse-db/models/metric.js
FN:4,setupMetricModel
FNF:1
FNH:0
FNDA:0,setupMetricModel
DA:1,1
DA:2,1
DA:4,1
DA:5,0
DA:7,0
LF:5
LH:3
BRF:0
BRH:0
end_of_record
TN:
SF:/home/liliana/Documentos/platzi/curso_node_avanzado/platziverse/platziverse-db/tests/agent-tests.js
FN:11,(anonymous_4)
FN:19,(anonymous_5)
FN:28,(anonymous_6)
FN:29,(anonymous_7)
FN:34,(anonymous_8)
FN:38,(anonymous_9)
FN:43,(anonymous_10)
FNF:7
FNH:7
FNDA:2,(anonymous_4)
FNDA:2,(anonymous_5)
FNDA:2,(anonymous_6)
FNDA:2,(anonymous_7)
FNDA:2,(anonymous_8)
FNDA:1,(anonymous_9)
FNDA:1,(anonymous_10)
DA:3,1
DA:4,1
DA:5,1
DA:6,1
DA:7,1
DA:8,1
DA:10,1
DA:14,1
DA:19,1
DA:21,2
DA:22,2
DA:27,2
DA:28,2
DA:29,2
DA:31,2
DA:34,1
DA:35,2
DA:38,1
DA:39,1
DA:43,4
DA:45,1
DA:46,1
DA:47,1
DA:48,1
LF:24
LH:24
BRDA:35,0,0,2
BRDA:35,0,1,2
BRF:2
BRH:2
end_of_record
