TN:
SF:/home/liliana/Documentos/platzi/curso_node_avanzado/platziverse/platziverse-db/index.js
FN:6,(anonymous_0)
FNF:1
FNH:1
FNDA:1,(anonymous_0)
DA:2,1
DA:3,1
DA:4,1
DA:5,1
DA:6,1
DA:7,1
DA:19,1
DA:20,1
DA:21,1
DA:25,1
DA:26,1
DA:30,1
DA:32,1
DA:34,0
DA:37,1
DA:38,1
DA:40,1
LF:17
LH:16
BRDA:32,0,0,0
BRDA:32,0,1,1
BRF:2
BRH:1
end_of_record
TN:
SF:/home/liliana/Documentos/platzi/curso_node_avanzado/platziverse/platziverse-db/lib/db.js
FN:9,setupDatabase
FNF:1
FNH:1
FNDA:3,setupDatabase
DA:6,1
DA:7,1
DA:9,1
DA:10,3
DA:11,1
DA:13,3
LF:6
LH:6
BRDA:10,0,0,1
BRDA:10,0,1,2
BRF:2
BRH:2
end_of_record
TN:
SF:/home/liliana/Documentos/platzi/curso_node_avanzado/platziverse/platziverse-db/models/agent.js
FN:6,setupAgentModel
FNF:1
FNH:1
FNDA:1,setupAgentModel
DA:3,1
DA:4,1
DA:6,1
DA:7,1
DA:12,1
LF:5
LH:5
BRF:0
BRH:0
end_of_record
TN:
SF:/home/liliana/Documentos/platzi/curso_node_avanzado/platziverse/platziverse-db/models/metric.js
FN:4,setupMetricModel
FNF:1
FNH:1
FNDA:1,setupMetricModel
DA:1,1
DA:2,1
DA:4,1
DA:5,1
DA:7,1
LF:5
LH:5
BRF:0
BRH:0
end_of_record
TN:
SF:/home/liliana/Documentos/platzi/curso_node_avanzado/platziverse/platziverse-db/tests/agent-tests.js
FN:7,(anonymous_4)
FN:10,(anonymous_5)
FN:16,(anonymous_6)
FNF:3
FNH:3
FNDA:1,(anonymous_4)
FNDA:1,(anonymous_5)
FNDA:1,(anonymous_6)
DA:3,1
DA:4,1
DA:6,1
DA:10,1
DA:12,1
DA:13,1
DA:16,1
DA:17,1
LF:8
LH:8
BRF:0
BRH:0
end_of_record
